
Showing logs for build [32mjenkins-x-labs-bot-bdd-gh-15859-vhmpm-1[0m stage [32mfrom-build-pack[0m and container [32mstep-credential-initializer-kskqz[0m
{"level":"warn","ts":1585993616.910673,"logger":"fallback-logger","caller":"logging/config.go:69","msg":"Fetch GitHub commit ID from kodata failed: \"ref: refs/heads/0.8.0-**-support-backwards-incompats\" is not a valid GitHub commit ID"}
{"level":"info","ts":1585993616.9113085,"logger":"fallback-logger","caller":"creds-init/main.go:40","msg":"Credentials initialized."}

Showing logs for build [32mjenkins-x-labs-bot-bdd-gh-15859-vhmpm-1[0m stage [32mfrom-build-pack[0m and container [32mstep-working-dir-initializer-fjwsk[0m
{"level":"warn","ts":1585993617.89153,"logger":"fallback-logger","caller":"logging/config.go:69","msg":"Fetch GitHub commit ID from kodata failed: open /var/run/ko/HEAD: no such file or directory"}
{"level":"info","ts":1585993617.8927069,"logger":"fallback-logger","caller":"bash/main.go:64","msg":"Successfully executed command \"sh -c mkdir -p /workspace/source\"; output "}

Showing logs for build [32mjenkins-x-labs-bot-bdd-gh-15859-vhmpm-1[0m stage [32mfrom-build-pack[0m and container [32mstep-place-tools[0m

Showing logs for build [32mjenkins-x-labs-bot-bdd-gh-15859-vhmpm-1[0m stage [32mfrom-build-pack[0m and container [32mstep-git-source-jenkins-x-labs-bot-bdd-gh-15859-vhmpm-v5sk2[0m
{"level":"warn","ts":1585993623.0597982,"logger":"fallback-logger","caller":"logging/config.go:69","msg":"Fetch GitHub commit ID from kodata failed: \"ref: refs/heads/0.8.0-**-support-backwards-incompats\" is not a valid GitHub commit ID"}
{"level":"info","ts":1585993624.1142642,"logger":"fallback-logger","caller":"git/git.go:103","msg":"Successfully cloned https://github.com/******************/bdd-gh-1585993120.git @ master in path /workspace/source"}

Showing logs for build [32mjenkins-x-labs-bot-bdd-gh-15859-vhmpm-1[0m stage [32mfrom-build-pack[0m and container [32mstep-git-merge[0m
Using SHAs from PULL_REFS=master:2b96c3652b8b38dbbd0761a59b1cd242c59e8a7b,1:80558ff3e9be07004f46eefac759a24fa664a31c
DEBUG: LC_ALL=C JX_LOG_LEVEL=error git fetch origin --unshallow 80558ff3e9be07004f46eefac759a24fa664a31c: 2b96c3652b8b38dbbd0761a59b1cd242c59e8a7b:
DEBUG: ran git fetch --unshallow origin 80558ff3e9be07004f46eefac759a24fa664a31c: 2b96c3652b8b38dbbd0761a59b1cd242c59e8a7b: in 
DEBUG: LC_ALL=C JX_LOG_LEVEL=error git branch
DEBUG: LC_ALL=C JX_LOG_LEVEL=error git checkout master
DEBUG: ran git checkout master in 
DEBUG: LC_ALL=C JX_LOG_LEVEL=error git reset --hard 2b96c3652b8b38dbbd0761a59b1cd242c59e8a7b
DEBUG: ran git reset --hard 2b96c3652b8b38dbbd0761a59b1cd242c59e8a7b in 
DEBUG: LC_ALL=C JX_LOG_LEVEL=error git clean -fd .
DEBUG: ran clean --force -d . in 
DEBUG: LC_ALL=C JX_LOG_LEVEL=error git merge 80558ff3e9be07004f46eefac759a24fa664a31c
DEBUG: ran git merge 80558ff3e9be07004f46eefac759a24fa664a31c in 
DEBUG: JX_LOG_LEVEL=error LC_ALL=C git log --format=%H%x1f%an%x1f%ae%x1f%cn%x1f%ce%x1f%s%n%b%x1e 2b96c3652b8b38dbbd0761a59b1cd242c59e8a7b..HEAD
Merged SHA 80558ff3e9be07004f46eefac759a24fa664a31c with commit message 'My first PR commit' into base branch master

Showing logs for build [32mjenkins-x-labs-bot-bdd-gh-15859-vhmpm-1[0m stage [32mfrom-build-pack[0m and container [32mstep-build-make-linux[0m
CGO_ENABLED=0 GOOS=linux GOARCH=amd64 GO15VENDOREXPERIMENT=1 go build -ldflags '' -o bin/bdd-gh-1585993120 main.go

Showing logs for build [32mjenkins-x-labs-bot-bdd-gh-15859-vhmpm-1[0m stage [32mfrom-build-pack[0m and container [32mstep-build-container-build[0m
ERROR: logging before flag.Parse: E0404 09:47:10.946369      11 metadata.go:241] Failed to unmarshal scopes: invalid character 'h' looking for beginning of value
[36mINFO[0m[0000] No base image, nothing to extract            
[36mINFO[0m[0000] cmd: EXPOSE                                  
[36mINFO[0m[0000] Adding exposed port: 8080/tcp                
[36mINFO[0m[0000] Using files from context: [/workspace/source/bin] 
[36mINFO[0m[0000] Skipping unpacking as no commands require it. 
[36mINFO[0m[0000] Taking snapshot of full filesystem...        
[36mINFO[0m[0000] EXPOSE 8080                                  
[36mINFO[0m[0000] cmd: EXPOSE                                  
[36mINFO[0m[0000] Adding exposed port: 8080/tcp                
[36mINFO[0m[0000] No files changed in this command, skipping snapshotting. 
[36mINFO[0m[0000] ENTRYPOINT ["/bdd-gh-1585993120"]            
[36mINFO[0m[0000] No files changed in this command, skipping snapshotting. 
[36mINFO[0m[0000] Using files from context: [/workspace/source/bin] 
[36mINFO[0m[0000] COPY ./bin/ /                                
[36mINFO[0m[0000] Taking snapshot of files...                  
2020/04/04 09:47:14 pushed blob: sha256:321b1cce5c6247914fd0a6f46dc23a7fd38817cd0f5000cf9bd1dc7189de4408
2020/04/04 09:47:15 pushed blob: sha256:e7cc8a09663b03632b2f77ea4fa83a84978d3f4637b345a09c81e42ffd7f63f4
2020/04/04 09:47:16 gcr.io/jenkins-x-labs-bdd/bdd-gh-1585993120:0.0.0-SNAPSHOT-PR-1-1: digest: sha256:bbd168024288a400fc2aafc771e524866a557468eccb39f385b3c90e8ea8a3cf size: 428

Showing logs for build [32mjenkins-x-labs-bot-bdd-gh-15859-vhmpm-1[0m stage [32mfrom-build-pack[0m and container [32mstep-postbuild-post-build[0m
no CVE provider running in the current ** namespace so skip adding image to be analysed

Showing logs for build [32mjenkins-x-labs-bot-bdd-gh-15859-vhmpm-1[0m stage [32mfrom-build-pack[0m and container [32mstep-promote-make-preview[0m
sed -i -e "s/version:.*/version: 0.0.0-SNAPSHOT-PR-1-1/" Chart.yaml
sed -i -e "s/version:.*/version: 0.0.0-SNAPSHOT-PR-1-1/" ../*/Chart.yaml
sed -i -e "s|repository:.*|repository: gcr.io\/jenkins-x-labs-bdd\/bdd-gh-1585993120|" values.yaml
sed -i -e "s/tag:.*/tag: 0.0.0-SNAPSHOT-PR-1-1/" values.yaml
echo "  version: 0.0.0-SNAPSHOT-PR-1-1" >> requirements.yaml
** step helm build
WARNING: No $CHART_REPOSITORY defined so using the default value of: http://jenkins-x-chartmuseum:8080
Adding missing Helm repo: storage.googleapis.com https://storage.googleapis.com/chartmuseum.jenkins-x.io
Successfully added Helm repository storage.googleapis.com.
Adding missing Helm repo: jenkins-x-chartmuseum http://jenkins-x-chartmuseum:8080
Successfully added Helm repository jenkins-x-chartmuseum.
WARNING: No $CHART_REPOSITORY defined so using the default value of: http://jenkins-x-chartmuseum:8080

Showing logs for build [32mjenkins-x-labs-bot-bdd-gh-15859-vhmpm-1[0m stage [32mfrom-build-pack[0m and container [32mstep-promote-jx-preview[0m
Creating a preview
Created environment ******************-bdd-gh-1585993120-pr-1
Namespace **-******************-bdd-gh-1585993120-pr-1 created 
expose:
  Annotations:
    helm.sh/hook: post-install,post-upgrade
    helm.sh/hook-delete-policy: hook-succeeded
  config:
    domain: 35.241.134.127.nip.io
    exposer: Ingress
    http: "true"
preview:
  image:
    repository: gcr.io/jenkins-x-labs-bdd/bdd-gh-1585993120
    tag: 0.0.0-SNAPSHOT-PR-1-1
adding helm values file /workspace/source/charts/preview/**Requirements.values.yaml for namespace **-******************-bdd-gh-1585993120-pr-1
Updating PipelineActivities ******************-bdd-gh-1585993120-pr-1-1 which has status Running
WARNING: preview application http://bdd-gh-1585993120-**-******************-bdd-gh-1585993120-pr-1.35.241.134.127.nip.io not available, error was 503 503 Service Temporarily Unavailable, delaying for: 1.252573036s
WARNING: preview application http://bdd-gh-1585993120-**-******************-bdd-gh-1585993120-pr-1.35.241.134.127.nip.io not available, error was 503 503 Service Temporarily Unavailable, delaying for: 1.795078749s
Preview application is now available at: http://bdd-gh-1585993120-**-******************-bdd-gh-1585993120-pr-1.35.241.134.127.nip.io
